Phase 0: 24 outlets ├Ś 3 articles ├Ś 2 modes via Zyte...

  nikkei           FULL     rawŌēł355  browserŌēł347  (3 urls)
  scmp             PARTIAL  rawŌēł186  browserŌēł186  (3 urls)
  spiegel          TEASER   rawŌēł49  browserŌēł49  (3 urls)
  aljazeera        TEASER   rawŌēł39  browserŌēł76  (3 urls)
  kyivindependent  FAIL     rawŌēł0  browserŌēł0  (0 urls)  ŌÜĀ no article URLs matched on homepage
  ap               FULL     rawŌēł1324  browserŌēł44  (3 urls)
  semafor          TEASER   rawŌēł12  browserŌēł12  (3 urls)
  nyt              PARTIAL  rawŌēł304  browserŌēł260  (3 urls)
  restofworld      TEASER   rawŌēł40  browserŌēł40  (3 urls)
  lemonde          FULL     rawŌēł3137  browserŌēł3137  (3 urls)
  politico         TEASER   rawŌēł11  browserŌēł11  (3 urls)
  npr              TEASER   rawŌēł49  browserŌēł3  (3 urls)
  propublica       PARTIAL  rawŌēł181  browserŌēł187  (3 urls)
  axios            PARTIAL  rawŌēł263  browserŌēł309  (3 urls)
  theverge         FULL     rawŌēł2538  browserŌēł468  (3 urls)
  arstechnica      FULL     rawŌēł1150  browserŌēł1150  (3 urls)
  quanta           TEASER   rawŌēł53  browserŌēł53  (1 urls)
  wired            FULL     rawŌēł879  browserŌēł891  (3 urls)
  atlantic         FAIL     rawŌēł0  browserŌēł0  (0 urls)  ŌÜĀ no article URLs matched on homepage
  naturenews       FULL     rawŌēł416  browserŌēł487  (3 urls)
  stat             PARTIAL  rawŌēł430  browserŌēł369  (3 urls)
  reuters          PARTIAL  rawŌēł172  browserŌēł0  (3 urls)
  newyorker        FULL     rawŌēł1524  browserŌēł1149  (3 urls)
  science          PARTIAL  rawŌēł192  browserŌēł194  (3 urls)

| outlet          | verdict | rawWds | browWds | wall | recommendation |
|-----------------|---------|--------|---------|------|----------------|
| nyt             | PARTIAL |    304 |      260 | yes | quotable-with-caution (per-article gate) |
| reuters         | PARTIAL |    172 |        0 | no  | quotable-with-caution (per-article gate) |
| ap              | FULL    |   1324 |       44 | no  | quotable |
| aljazeera       | TEASER  |     39 |       76 | no  | headline-only |
| nikkei          | FULL    |    355 |      347 | no  | quotable |
| scmp            | PARTIAL |    186 |      186 | no  | quotable-with-caution (per-article gate) |
| spiegel         | TEASER  |     49 |       49 | yes | headline-only |
| lemonde         | FULL    |   3137 |     3137 | no  | quotable |
| kyivindependent | FAIL    |      0 |        0 | no  | headline-only |
| semafor         | TEASER  |     12 |       12 | no  | headline-only |
| restofworld     | TEASER  |     40 |       40 | yes | headline-only |
| politico        | TEASER  |     11 |       11 | no  | headline-only |
| axios           | PARTIAL |    263 |      309 | no  | quotable-with-caution (per-article gate) |
| npr             | TEASER  |     49 |        3 | no  | headline-only |
| propublica      | PARTIAL |    181 |      187 | yes | quotable-with-caution (per-article gate) |
| theverge        | FULL    |   2538 |      468 | no  | quotable |
| arstechnica     | FULL    |   1150 |     1150 | no  | quotable |
| wired           | FULL    |    879 |      891 | no  | quotable |
| stat            | PARTIAL |    430 |      369 | yes | quotable-with-caution (per-article gate) |
| naturenews      | FULL    |    416 |      487 | no  | quotable |
| quanta          | TEASER  |     53 |       53 | no  | headline-only |
| science         | PARTIAL |    192 |      194 | yes | quotable-with-caution (per-article gate) |
| atlantic        | FAIL    |      0 |        0 | no  | headline-only |
| newyorker       | FULL    |   1524 |     1149 | yes | quotable |

Legend: FULLŌēź350w ┬Ę PARTIALŌēź120w ┬Ę TEASER>0w ┬Ę FAIL=no body. "wall"=paywall marker text seen in extracted body.
Zyte calls Ōēł 152 ┬Ę 383s

Wrote /Users/adam.pasick/Downloads/first-read/docs/phase0-matrix.json
