Phase 0: 10 outlets √ó 3 articles √ó 2 modes via Zyte...

  bloomberg        TEASER   raw‚Čą68  browser‚Čą78  (3 urls)
  economist        PARTIAL  raw‚Čą135  browser‚Čą156  (3 urls)
  ft               PARTIAL  raw‚Čą148  browser‚Čą110  (3 urls)
  nikkei           PARTIAL  raw‚Čą210  browser‚Čą212  (3 urls)
  guardian         FORBIDDEN raw‚Čą0  browser‚Čą0  (0 urls)  ‚ö† HTTP 451: {"blockedDomain":"theguardian.com","type":"/download/domain-forbidden","title":"Domain Forbidden","status":451,"detail":"Extraction for the domain theguardian.c
  wsj              PARTIAL  raw‚Čą215  browser‚Čą226  (2 urls)
  theinformation   FAIL     raw‚Čą0  browser‚Čą0  (3 urls)
  wapo             TEASER   raw‚Čą35  browser‚Čą52  (3 urls)
  bbc              FULL     raw‚Čą573  browser‚Čą568  (3 urls)
  haaretz          TEASER   raw‚Čą17  browser‚Čą31  (3 urls)

| outlet          | verdict | rawWds | browWds | wall | recommendation |
|-----------------|---------|--------|---------|------|----------------|
| ft              | PARTIAL |    148 |      110 | yes | quotable-with-caution (per-article gate) |
| wsj             | PARTIAL |    215 |      226 | yes | quotable-with-caution (per-article gate) |
| bloomberg       | TEASER  |     68 |       78 | no  | headline-only |
| theinformation  | FAIL    |      0 |        0 | yes | headline-only |
| economist       | PARTIAL |    135 |      156 | no  | quotable-with-caution (per-article gate) |
| wapo            | TEASER  |     35 |       52 | no  | headline-only |
| haaretz         | TEASER  |     17 |       31 | no  | headline-only |
| nikkei          | PARTIAL |    210 |      212 | yes | quotable-with-caution (per-article gate) |
| guardian        | FORBIDDEN |      0 |        0 | no  | Zyte refuses domain ‚ÄĒ needs direct fetch/RSS, drop or headline-only |
| bbc             | FULL    |    573 |      568 | no  | quotable |

Legend: FULL‚Č•350w ¬∑ PARTIAL‚Č•120w ¬∑ TEASER>0w ¬∑ FAIL=no body. "wall"=paywall marker text seen in extracted body.
Zyte calls ‚Čą 62 ¬∑ 178s

Wrote /Users/adam.pasick/Downloads/first-read/docs/phase0-matrix.json
